C51 COMPILER V9.60.7.0   AT24C02                                                           02/03/2025 13:16:08 PAGE 1   


C51 COMPILER V9.60.7.0, COMPILATION OF MODULE AT24C02
OBJECT MODULE PLACED IN .\Objects\AT24C02.obj
COMPILER INVOKED BY: C:\Keil_v5\C51\BIN\C51.EXE AT24C02.c OPTIMIZE(8,SPEED) BROWSE DEBUG OBJECTEXTEND PRINT(.\Listings\A
                    -T24C02.lst) TABS(2) OBJECT(.\Objects\AT24C02.obj)

line level    source

   1          #include "stc15.h"
   2          #include "iic.h"
   3          
   4          void Write_AT24C02(unsigned char m,unsigned char n)
   5          {
   6   1        I2CStart();
   7   1        I2CSendByte(0xA0); //1010 000 0
   8   1        I2CWaitAck();
   9   1        I2CSendByte(m);
  10   1        I2CWaitAck();
  11   1        I2CSendByte(n);
  12   1        I2CWaitAck();
  13   1        I2CStop();
  14   1      }
  15          
  16          unsigned char Read_AT24C02(unsigned char m)
  17          {
  18   1        unsigned char n;
  19   1        I2CStart();
  20   1        I2CSendByte(0xA0); //1010 000 0
  21   1        I2CWaitAck();
  22   1        I2CSendByte(m);
  23   1        I2CWaitAck();
  24   1        I2CStart();
  25   1        I2CSendByte(0xA1);
  26   1        I2CWaitAck();
  27   1        n = I2CReceiveByte();
  28   1        I2CWaitAck();
  29   1        I2CSendAck(1);
  30   1        I2CStop();
  31   1        return n;
  32   1      }


MODULE INFORMATION:   STATIC OVERLAYABLE
   CODE SIZE        =     85    ----
   CONSTANT SIZE    =   ----    ----
   XDATA SIZE       =   ----    ----
   PDATA SIZE       =   ----    ----
   DATA SIZE        =   ----       4
   IDATA SIZE       =   ----    ----
   BIT SIZE         =   ----    ----
END OF MODULE INFORMATION.


C51 COMPILATION COMPLETE.  0 WARNING(S),  0 ERROR(S)
