C51 COMPILER V9.60.7.0   PCF8591                                                           02/03/2025 13:16:08 PAGE 1   


C51 COMPILER V9.60.7.0, COMPILATION OF MODULE PCF8591
OBJECT MODULE PLACED IN .\Objects\PCF8591.obj
COMPILER INVOKED BY: C:\Keil_v5\C51\BIN\C51.EXE PCF8591.c OPTIMIZE(8,SPEED) BROWSE DEBUG OBJECTEXTEND PRINT(.\Listings\P
                    -CF8591.lst) TABS(2) OBJECT(.\Objects\PCF8591.obj)

line level    source

   1          #include "stc15.h"
   2          #include "iic.h"
   3          
   4          void PCF8591_PutVoltage(unsigned char ain,unsigned char v)
   5          {
   6   1        I2CStart();
   7   1        I2CSendByte(0x90);
   8   1        I2CWaitAck();
   9   1        I2CSendByte(0x40|ain);
  10   1        I2CWaitAck();
  11   1        I2CSendByte(v);
  12   1        I2CWaitAck();
  13   1        I2CStop();
  14   1      }


MODULE INFORMATION:   STATIC OVERLAYABLE
   CODE SIZE        =     37    ----
   CONSTANT SIZE    =   ----    ----
   XDATA SIZE       =   ----    ----
   PDATA SIZE       =   ----    ----
   DATA SIZE        =   ----       2
   IDATA SIZE       =   ----    ----
   BIT SIZE         =   ----    ----
END OF MODULE INFORMATION.


C51 COMPILATION COMPLETE.  0 WARNING(S),  0 ERROR(S)
